<?xml version="1.0" encoding="UTF-8"?>
<!-- Generated by org.testng.reporters.JUnitXMLReporter -->
<testsuite hostname="DEV_TEST_JOYDIP" ignored="0" name="Default test" tests="1" failures="0" timestamp="16 Jan 2019 06:51:37 GMT" time="0.039" errors="0">
  <testcase name="@BeforeSuite setup" time="0.0" classname="configuration.Basesuit">
    <failure type="org.testng.TestNGException" message="
Parameter &amp;apos;Reportname&amp;apos; is required by BeforeSuite on method setup but has not been marked @Optional or defined
in C:\Users\joydip.bhattacharjee\AppData\Local\Temp\testng-eclipse--295063198\testng-customsuite.xml">
      <![CDATA[org.testng.TestNGException: 
Parameter 'Reportname' is required by BeforeSuite on method setup but has not been marked @Optional or defined
in C:\Users\joydip.bhattacharjee\AppData\Local\Temp\testng-eclipse--295063198\testng-customsuite.xml
at org.testng.internal.Parameters.createParams(Parameters.java:290)
at org.testng.internal.Parameters.createParametersForMethod(Parameters.java:359)
at org.testng.internal.Parameters.createParameters(Parameters.java:620)
at org.testng.internal.Parameters.createConfigurationParameters(Parameters.java:190)
at org.testng.internal.Invoker.invokeConfigurations(Invoker.java:209)
at org.testng.internal.Invoker.invokeConfigurations(Invoker.java:142)
at org.testng.SuiteRunner.privateRun(SuiteRunner.java:401)
at org.testng.SuiteRunner.run(SuiteRunner.java:364)
at org.testng.SuiteRunnerWorker.runSuite(SuiteRunnerWorker.java:52)
at org.testng.SuiteRunnerWorker.run(SuiteRunnerWorker.java:84)
at org.testng.TestNG.runSuitesSequentially(TestNG.java:1208)
at org.testng.TestNG.runSuitesLocally(TestNG.java:1137)
at org.testng.TestNG.runSuites(TestNG.java:1049)
at org.testng.TestNG.run(TestNG.java:1017)
at org.testng.remote.AbstractRemoteTestNG.run(AbstractRemoteTestNG.java:114)
at org.testng.remote.RemoteTestNG.initAndRun(RemoteTestNG.java:251)
at org.testng.remote.RemoteTestNG.main(RemoteTestNG.java:77)
]]>
    </failure>
  </testcase> <!-- @BeforeSuite setup -->
  <testcase name="@BeforeMethod OpenBrowser" time="0.0" classname="configuration.Baseclass">
    <skipped/>
  </testcase> <!-- @BeforeMethod OpenBrowser -->
  <testcase name="@AfterMethod closebrowser" time="0.0" classname="configuration.Baseclass">
    <skipped/>
  </testcase> <!-- @AfterMethod closebrowser -->
  <testcase name="Client_UAT_Citizen" time="0.0" classname="client.ClientUATCitizen">
    <skipped/>
  </testcase> <!-- Client_UAT_Citizen -->
</testsuite> <!-- Default test -->
