<?xml version="1.0" encoding="UTF-8"?>
<testng-results skipped="1" failed="0" ignored="1" total="4" passed="2">
  <reporter-output>
  </reporter-output>
  <suite name="Suite1" duration-ms="424380" started-at="2018-12-19T11:33:02Z" finished-at="2018-12-19T11:40:07Z">
    <groups>
    </groups>
    <test name="Test" duration-ms="424380" started-at="2018-12-19T11:33:02Z" finished-at="2018-12-19T11:40:07Z">
      <class name="client.ClientUATCitizen">
        <test-method status="PASS" signature="setup(java.lang.String)[pri:0, instance:client.ClientUATCitizen@589838eb]" name="setup" is-config="true" duration-ms="145" started-at="2018-12-19T11:33:02Z" finished-at="2018-12-19T11:33:02Z">
          <params>
            <param index="0">
              <value>
                <![CDATA[Citizen_test_Report]]>
              </value>
            </param>
          </params>
          <reporter-output>
          </reporter-output>
        </test-method> <!-- setup -->
        <test-method status="PASS" signature="OpenBrowser()[pri:0, instance:client.ClientUATCitizen@589838eb]" name="OpenBrowser" is-config="true" duration-ms="5187" started-at="2018-12-19T11:33:02Z" finished-at="2018-12-19T11:33:07Z">
          <reporter-output>
          </reporter-output>
        </test-method> <!-- OpenBrowser -->
        <test-method status="SKIP" signature="Client_UAT_Citizen()[pri:0, instance:client.ClientUATCitizen@589838eb]" name="Client_UAT_Citizen" duration-ms="72977" started-at="2018-12-19T11:33:07Z" finished-at="2018-12-19T11:34:20Z">
          <exception class="java.lang.AssertionError">
            <message>
              <![CDATA[expected [false] but found [true]]]>
            </message>
            <full-stacktrace>
              <![CDATA[java.lang.AssertionError: expected [false] but found [true]
at org.testng.Assert.fail(Assert.java:96)
at org.testng.Assert.failNotEquals(Assert.java:776)
at org.testng.Assert.assertFalse(Assert.java:65)
at org.testng.Assert.assertFalse(Assert.java:75)
at Screen.MyRequest_Makepayment.no_success(MyRequest_Makepayment.java:170)
at client.ClientUATCitizen.Client_UAT_Citizen(ClientUATCitizen.java:52)
at sun.reflect.NativeMethodAccessorImpl.invoke0(Native Method)
at sun.reflect.NativeMethodAccessorImpl.invoke(Unknown Source)
at sun.reflect.DelegatingMethodAccessorImpl.invoke(Unknown Source)
at java.lang.reflect.Method.invoke(Unknown Source)
at org.testng.internal.MethodInvocationHelper.invokeMethod(MethodInvocationHelper.java:124)
at org.testng.internal.Invoker.invokeMethod(Invoker.java:583)
at org.testng.internal.Invoker.invokeTestMethod(Invoker.java:719)
at org.testng.internal.Invoker.invokeTestMethods(Invoker.java:989)
at org.testng.internal.TestMethodWorker.invokeTestMethods(TestMethodWorker.java:125)
at org.testng.internal.TestMethodWorker.run(TestMethodWorker.java:109)
at org.testng.TestRunner.privateRun(TestRunner.java:648)
at org.testng.TestRunner.run(TestRunner.java:505)
at org.testng.SuiteRunner.runTest(SuiteRunner.java:455)
at org.testng.SuiteRunner.runSequentially(SuiteRunner.java:450)
at org.testng.SuiteRunner.privateRun(SuiteRunner.java:415)
at org.testng.SuiteRunner.run(SuiteRunner.java:364)
at org.testng.SuiteRunnerWorker.runSuite(SuiteRunnerWorker.java:52)
at org.testng.SuiteRunnerWorker.run(SuiteRunnerWorker.java:84)
at org.testng.TestNG.runSuitesSequentially(TestNG.java:1208)
at org.testng.TestNG.runSuitesLocally(TestNG.java:1137)
at org.testng.TestNG.runSuites(TestNG.java:1049)
at org.testng.TestNG.run(TestNG.java:1017)
at org.testng.remote.AbstractRemoteTestNG.run(AbstractRemoteTestNG.java:114)
at org.testng.remote.RemoteTestNG.initAndRun(RemoteTestNG.java:251)
at org.testng.remote.RemoteTestNG.main(RemoteTestNG.java:77)
]]>
            </full-stacktrace>
          </exception> <!-- java.lang.AssertionError -->
          <reporter-output>
          </reporter-output>
        </test-method> <!-- Client_UAT_Citizen -->
        <test-method status="PASS" signature="closebrowser()[pri:0, instance:client.ClientUATCitizen@589838eb]" name="closebrowser" is-config="true" duration-ms="2345" started-at="2018-12-19T11:34:20Z" finished-at="2018-12-19T11:34:23Z">
          <reporter-output>
          </reporter-output>
        </test-method> <!-- closebrowser -->
        <test-method status="PASS" signature="OpenBrowser()[pri:0, instance:client.ClientUATCitizen@589838eb]" name="OpenBrowser" is-config="true" duration-ms="4895" started-at="2018-12-19T11:34:23Z" finished-at="2018-12-19T11:34:28Z">
          <reporter-output>
          </reporter-output>
        </test-method> <!-- OpenBrowser -->
        <test-method status="PASS" signature="Client_UAT_Citizen()[pri:0, instance:client.ClientUATCitizen@589838eb]" name="Client_UAT_Citizen" duration-ms="69512" started-at="2018-12-19T11:34:28Z" finished-at="2018-12-19T11:35:37Z">
          <reporter-output>
          </reporter-output>
        </test-method> <!-- Client_UAT_Citizen -->
        <test-method status="PASS" signature="closebrowser()[pri:0, instance:client.ClientUATCitizen@589838eb]" name="closebrowser" is-config="true" duration-ms="2253" started-at="2018-12-19T11:35:38Z" finished-at="2018-12-19T11:35:40Z">
          <reporter-output>
          </reporter-output>
        </test-method> <!-- closebrowser -->
      </class> <!-- client.ClientUATCitizen -->
      <class name="client.ClientUATSecure">
        <test-method status="PASS" signature="OpenBrowser()[pri:0, instance:client.ClientUATSecure@42dafa95]" name="OpenBrowser" is-config="true" duration-ms="5286" started-at="2018-12-19T11:35:40Z" finished-at="2018-12-19T11:35:45Z">
          <reporter-output>
          </reporter-output>
        </test-method> <!-- OpenBrowser -->
        <test-method status="PASS" signature="Client_UAT_office()[pri:0, instance:client.ClientUATSecure@42dafa95]" name="Client_UAT_office" duration-ms="258149" started-at="2018-12-19T11:35:45Z" finished-at="2018-12-19T11:40:03Z">
          <reporter-output>
          </reporter-output>
        </test-method> <!-- Client_UAT_office -->
        <test-method status="PASS" signature="closebrowser()[pri:0, instance:client.ClientUATSecure@42dafa95]" name="closebrowser" is-config="true" duration-ms="2274" started-at="2018-12-19T11:40:04Z" finished-at="2018-12-19T11:40:07Z">
          <reporter-output>
          </reporter-output>
        </test-method> <!-- closebrowser -->
      </class> <!-- client.ClientUATSecure -->
    </test> <!-- Test -->
  </suite> <!-- Suite1 -->
</testng-results>
